<?xml version="1.0" encoding="UTF-8"?>
<!-- Generated by org.testng.reporters.JUnitXMLReporter -->
<testsuite ignored="0" hostname="hamza" failures="0" tests="5" name="Test" time="16.323" errors="0" timestamp="26 Nov 2022 06:10:57 GMT">
  <testcase classname="videoGameAPI.TestScript.TC1_GET_Request" name="get_allVideoGames" time="0.524"/>
  <testcase classname="videoGameAPI.TestScript.TC2_POST_Request" name="post_aNewVideoGame" time="0.325"/>
  <testcase classname="videoGameAPI.TestScript.TC4_GET_Request" name="get_singlGameByID" time="0.067"/>
  <testcase classname="videoGameAPI.TestScript.TC_5_PUT_Request" name="update_existingVideoGameByID" time="0.041"/>
  <testcase classname="videoGameAPI.TestScript.TC3_DELETE_Request" name="delete_existinVideoGame" time="0.02"/>
</testsuite> <!-- Test -->
