<?xml version="1.0" encoding="UTF-8"?>
<testsuite xmlns:xsi="http://www.w3.org/2001/XMLSchema-instance" xsi:noNamespaceSchemaLocation="https://maven.apache.org/surefire/maven-surefire-plugin/xsd/surefire-test-report.xsd" name="TestSuite" time="17.28" tests="5" errors="0" skipped="0" failures="0">
  <properties>
[...]
</properties>
  <testcase name="get_allVideoGames" classname="videoGameAPI.TestScript.TC1_GET_Request" time="0.501"/>
  <testcase name="post_aNewVideoGame" classname="videoGameAPI.TestScript.TC2_POST_Request" time="0.377"/>
  <testcase name="get_singlGameByID" classname="videoGameAPI.TestScript.TC4_GET_Request" time="0.06"/>
  <testcase name="update_existingVideoGameByID" classname="videoGameAPI.TestScript.TC_5_PUT_Request" time="0.044"/>
  <testcase name="delete_existinVideoGame" classname="videoGameAPI.TestScript.TC3_DELETE_Request" time="0.042"/>
</testsuite>