<?xml version="1.0" encoding="UTF-8"?>
<testng-results ignored="0" total="5" passed="5" failed="0" skipped="0">
  <reporter-output>
  </reporter-output>
  <suite started-at="2022-11-26T06:30:25Z" name="Suite 001" finished-at="2022-11-26T06:30:41Z" duration-ms="16372">
    <groups>
    </groups>
    <test started-at="2022-11-26T06:30:25Z" name="API Video Game" finished-at="2022-11-26T06:30:41Z" duration-ms="16372">
      <class name="videoGameAPI.TestScript.TC1_GET_Request">
        <test-method is-config="true" signature="setupTest()[pri:0, instance:videoGameAPI.TestScript.TC1_GET_Request@d3957fe]" started-at="2022-11-26T06:30:25Z" name="setupTest" finished-at="2022-11-26T06:30:25Z" duration-ms="49" status="PASS">
          <reporter-output>
          </reporter-output>
        </test-method> <!-- setupTest -->
        <test-method is-config="true" signature="get_request()[pri:0, instance:videoGameAPI.TestScript.TC1_GET_Request@d3957fe]" started-at="2022-11-26T06:30:25Z" name="get_request" finished-at="2022-11-26T06:30:25Z" duration-ms="203" status="PASS">
          <reporter-output>
          </reporter-output>
        </test-method> <!-- get_request -->
        <test-method signature="get_allVideoGames()[pri:0, instance:videoGameAPI.TestScript.TC1_GET_Request@d3957fe]" started-at="2022-11-26T06:30:25Z" name="get_allVideoGames" finished-at="2022-11-26T06:30:25Z" duration-ms="501" status="PASS">
          <reporter-output>
          </reporter-output>
        </test-method> <!-- get_allVideoGames -->
        <test-method is-config="true" signature="tearDown()[pri:0, instance:videoGameAPI.TestScript.TC1_GET_Request@d3957fe]" started-at="2022-11-26T06:30:25Z" name="tearDown" finished-at="2022-11-26T06:30:28Z" duration-ms="3002" status="PASS">
          <reporter-output>
          </reporter-output>
        </test-method> <!-- tearDown -->
      </class> <!-- videoGameAPI.TestScript.TC1_GET_Request -->
      <class name="videoGameAPI.TestScript.TC3_DELETE_Request">
        <test-method is-config="true" signature="setupTest()[pri:0, instance:videoGameAPI.TestScript.TC3_DELETE_Request@299321e2]" started-at="2022-11-26T06:30:38Z" name="setupTest" finished-at="2022-11-26T06:30:38Z" duration-ms="5" status="PASS">
          <reporter-output>
          </reporter-output>
        </test-method> <!-- setupTest -->
        <test-method is-config="true" signature="post_request()[pri:0, instance:videoGameAPI.TestScript.TC3_DELETE_Request@299321e2]" started-at="2022-11-26T06:30:38Z" name="post_request" finished-at="2022-11-26T06:30:38Z" duration-ms="1" status="PASS">
          <reporter-output>
          </reporter-output>
        </test-method> <!-- post_request -->
        <test-method signature="delete_existinVideoGame()[pri:4, instance:videoGameAPI.TestScript.TC3_DELETE_Request@299321e2]" started-at="2022-11-26T06:30:38Z" name="delete_existinVideoGame" finished-at="2022-11-26T06:30:38Z" duration-ms="43" status="PASS">
          <reporter-output>
          </reporter-output>
        </test-method> <!-- delete_existinVideoGame -->
        <test-method is-config="true" signature="tearDown()[pri:0, instance:videoGameAPI.TestScript.TC3_DELETE_Request@299321e2]" started-at="2022-11-26T06:30:38Z" name="tearDown" finished-at="2022-11-26T06:30:41Z" duration-ms="3002" status="PASS">
          <reporter-output>
          </reporter-output>
        </test-method> <!-- tearDown -->
      </class> <!-- videoGameAPI.TestScript.TC3_DELETE_Request -->
      <class name="videoGameAPI.TestScript.TC2_POST_Request">
        <test-method is-config="true" signature="setupTest()[pri:0, instance:videoGameAPI.TestScript.TC2_POST_Request@6622fc65]" started-at="2022-11-26T06:30:28Z" name="setupTest" finished-at="2022-11-26T06:30:28Z" duration-ms="8" status="PASS">
          <reporter-output>
          </reporter-output>
        </test-method> <!-- setupTest -->
        <test-method is-config="true" signature="post_request()[pri:0, instance:videoGameAPI.TestScript.TC2_POST_Request@6622fc65]" started-at="2022-11-26T06:30:28Z" name="post_request" finished-at="2022-11-26T06:30:28Z" duration-ms="0" status="PASS">
          <reporter-output>
          </reporter-output>
        </test-method> <!-- post_request -->
        <test-method signature="post_aNewVideoGame()[pri:1, instance:videoGameAPI.TestScript.TC2_POST_Request@6622fc65]" started-at="2022-11-26T06:30:28Z" name="post_aNewVideoGame" finished-at="2022-11-26T06:30:29Z" duration-ms="378" status="PASS">
          <reporter-output>
          </reporter-output>
        </test-method> <!-- post_aNewVideoGame -->
        <test-method is-config="true" signature="tearDown()[pri:0, instance:videoGameAPI.TestScript.TC2_POST_Request@6622fc65]" started-at="2022-11-26T06:30:29Z" name="tearDown" finished-at="2022-11-26T06:30:32Z" duration-ms="3001" status="PASS">
          <reporter-output>
          </reporter-output>
        </test-method> <!-- tearDown -->
      </class> <!-- videoGameAPI.TestScript.TC2_POST_Request -->
      <class name="videoGameAPI.TestScript.TC4_GET_Request">
        <test-method is-config="true" signature="setupTest()[pri:0, instance:videoGameAPI.TestScript.TC4_GET_Request@23fb172e]" started-at="2022-11-26T06:30:32Z" name="setupTest" finished-at="2022-11-26T06:30:32Z" duration-ms="4" status="PASS">
          <reporter-output>
          </reporter-output>
        </test-method> <!-- setupTest -->
        <test-method is-config="true" signature="post_request()[pri:0, instance:videoGameAPI.TestScript.TC4_GET_Request@23fb172e]" started-at="2022-11-26T06:30:32Z" name="post_request" finished-at="2022-11-26T06:30:32Z" duration-ms="0" status="PASS">
          <reporter-output>
          </reporter-output>
        </test-method> <!-- post_request -->
        <test-method signature="get_singlGameByID()[pri:2, instance:videoGameAPI.TestScript.TC4_GET_Request@23fb172e]" started-at="2022-11-26T06:30:32Z" name="get_singlGameByID" finished-at="2022-11-26T06:30:32Z" duration-ms="59" status="PASS">
          <reporter-output>
          </reporter-output>
        </test-method> <!-- get_singlGameByID -->
        <test-method is-config="true" signature="tearDown()[pri:0, instance:videoGameAPI.TestScript.TC4_GET_Request@23fb172e]" started-at="2022-11-26T06:30:32Z" name="tearDown" finished-at="2022-11-26T06:30:35Z" duration-ms="3004" status="PASS">
          <reporter-output>
          </reporter-output>
        </test-method> <!-- tearDown -->
      </class> <!-- videoGameAPI.TestScript.TC4_GET_Request -->
      <class name="videoGameAPI.TestScript.TC_5_PUT_Request">
        <test-method is-config="true" signature="setupTest()[pri:0, instance:videoGameAPI.TestScript.TC_5_PUT_Request@64ba3208]" started-at="2022-11-26T06:30:35Z" name="setupTest" finished-at="2022-11-26T06:30:35Z" duration-ms="5" status="PASS">
          <reporter-output>
          </reporter-output>
        </test-method> <!-- setupTest -->
        <test-method is-config="true" signature="post_request()[pri:0, instance:videoGameAPI.TestScript.TC_5_PUT_Request@64ba3208]" started-at="2022-11-26T06:30:35Z" name="post_request" finished-at="2022-11-26T06:30:35Z" duration-ms="1" status="PASS">
          <reporter-output>
          </reporter-output>
        </test-method> <!-- post_request -->
        <test-method signature="update_existingVideoGameByID()[pri:3, instance:videoGameAPI.TestScript.TC_5_PUT_Request@64ba3208]" started-at="2022-11-26T06:30:35Z" name="update_existingVideoGameByID" finished-at="2022-11-26T06:30:35Z" duration-ms="44" status="PASS">
          <reporter-output>
          </reporter-output>
        </test-method> <!-- update_existingVideoGameByID -->
        <test-method is-config="true" signature="tearDown()[pri:0, instance:videoGameAPI.TestScript.TC_5_PUT_Request@64ba3208]" started-at="2022-11-26T06:30:35Z" name="tearDown" finished-at="2022-11-26T06:30:38Z" duration-ms="3001" status="PASS">
          <reporter-output>
          </reporter-output>
        </test-method> <!-- tearDown -->
      </class> <!-- videoGameAPI.TestScript.TC_5_PUT_Request -->
    </test> <!-- API Video Game -->
  </suite> <!-- Suite 001 -->
</testng-results>
